The system is: Windows - 10.0.17134 - AMD64
Compiling the C compiler identification source file "CMakeCCompilerId.c" succeeded.
Compiler: C:/Program Files (x86)/Microsoft Visual Studio/2019/Preview/VC/Tools/MSVC/14.24.28314/bin/HostX64/x64/cl.exe 
Build flags: 
Id flags:  

The output was:
0
?? x64 ? Microsoft (R) C/C++ ????? 19.24.28314 ?
????(C) Microsoft Corporation????????

CMakeCCompilerId.c
Microsoft (R) Incremental Linker Version 14.24.28314.0
Copyright (C) Microsoft Corporation.  All rights reserved.

/out:CMakeCCompilerId.exe 
CMakeCCompilerId.obj 


Compilation of the C compiler identification source "CMakeCCompilerId.c" produced "CMakeCCompilerId.exe"

Compilation of the C compiler identification source "CMakeCCompilerId.c" produced "CMakeCCompilerId.obj"

The C compiler identification is MSVC, found in "D:/Download/Github/blender/code_blender/blender/release/scripts/addons/out/build/x64-Debug/CMakeFiles/3.15.19101501-MSVC_2/CompilerIdC/CMakeCCompilerId.exe"

Compiling the CXX compiler identification source file "CMakeCXXCompilerId.cpp" succeeded.
Compiler: C:/Program Files (x86)/Microsoft Visual Studio/2019/Preview/VC/Tools/MSVC/14.24.28314/bin/HostX64/x64/cl.exe 
Build flags: 
Id flags:  

The output was:
0
?? x64 ? Microsoft (R) C/C++ ????? 19.24.28314 ?
????(C) Microsoft Corporation????????

CMakeCXXCompilerId.cpp
Microsoft (R) Incremental Linker Version 14.24.28314.0
Copyright (C) Microsoft Corporation.  All rights reserved.

/out:CMakeCXXCompilerId.exe 
CMakeCXXCompilerId.obj 


Compilation of the CXX compiler identification source "CMakeCXXCompilerId.cpp" produced "CMakeCXXCompilerId.exe"

Compilation of the CXX compiler identification source "CMakeCXXCompilerId.cpp" produced "CMakeCXXCompilerId.obj"

The CXX compiler identification is MSVC, found in "D:/Download/Github/blender/code_blender/blender/release/scripts/addons/out/build/x64-Debug/CMakeFiles/3.15.19101501-MSVC_2/CompilerIdCXX/CMakeCXXCompilerId.exe"

Determining if the C compiler works passed with the following output:
Change Dir: D:/Download/Github/blender/code_blender/blender/release/scripts/addons/out/build/x64-Debug/CMakeFiles/CMakeTmp

Run Build Command(s):C:/Program Files (x86)/Microsoft Visual Studio/2019/Preview/Common7/IDE/CommonExtensions/Microsoft/CMake/Ninja/ninja.exe cmTC_ef7a4 && [1/2] Building C object CMakeFiles\cmTC_ef7a4.dir\testCCompiler.c.obj
[2/2] Linking C executable cmTC_ef7a4.exe



Detecting C compiler ABI info compiled with the following output:
Change Dir: D:/Download/Github/blender/code_blender/blender/release/scripts/addons/out/build/x64-Debug/CMakeFiles/CMakeTmp

Run Build Command(s):C:/Program Files (x86)/Microsoft Visual Studio/2019/Preview/Common7/IDE/CommonExtensions/Microsoft/CMake/Ninja/ninja.exe cmTC_ff095 && [1/2] Building C object CMakeFiles\cmTC_ff095.dir\CMakeCCompilerABI.c.obj
[2/2] Linking C executable cmTC_ff095.exe



Determining if the CXX compiler works passed with the following output:
Change Dir: D:/Download/Github/blender/code_blender/blender/release/scripts/addons/out/build/x64-Debug/CMakeFiles/CMakeTmp

Run Build Command(s):C:/Program Files (x86)/Microsoft Visual Studio/2019/Preview/Common7/IDE/CommonExtensions/Microsoft/CMake/Ninja/ninja.exe cmTC_8e245 && [1/2] Building CXX object CMakeFiles\cmTC_8e245.dir\testCXXCompiler.cxx.obj
[2/2] Linking CXX executable cmTC_8e245.exe



Detecting CXX compiler ABI info compiled with the following output:
Change Dir: D:/Download/Github/blender/code_blender/blender/release/scripts/addons/out/build/x64-Debug/CMakeFiles/CMakeTmp

Run Build Command(s):C:/Program Files (x86)/Microsoft Visual Studio/2019/Preview/Common7/IDE/CommonExtensions/Microsoft/CMake/Ninja/ninja.exe cmTC_89c27 && [1/2] Building CXX object CMakeFiles\cmTC_89c27.dir\CMakeCXXCompilerABI.cpp.obj
[2/2] Linking CXX executable cmTC_89c27.exe



